#
# There is insufficient memory for the Java Runtime Environment to continue.
# Native memory allocation (malloc) failed to allocate 1048576 bytes for AllocateHeap
# Possible reasons:
#   The system is out of physical RAM or swap space
#   The process is running with CompressedOops enabled, and the Java Heap may be blocking the growth of the native heap
# Possible solutions:
#   Reduce memory load on the system
#   Increase physical memory or swap space
#   Check if swap backing store is full
#   Decrease Java heap size (-Xmx/-Xms)
#   Decrease number of Java threads
#   Decrease Java thread stack sizes (-Xss)
#   Set larger code cache with -XX:ReservedCodeCacheSize=
#   JVM is running with Unscaled Compressed Oops mode in which the Java heap is
#     placed in the first 4GB address space. The Java Heap base address is the
#     maximum limit for the native heap growth. Please use -XX:HeapBaseMinAddress
#     to set the Java Heap base and to place the Java Heap above 4GB virtual address.
# This output file may be truncated or incomplete.
#
#  Out of Memory Error (memory/allocation.inline.hpp:61), pid=10556, tid=0x0000000000001598
#
# JRE version:  (8.0_221-b11) (build )
# Java VM: Java HotSpot(TM) 64-Bit Server VM (25.221-b11 mixed mode windows-amd64 compressed oops)
# Failed to write core dump. Minidumps are not enabled by default on client versions of Windows
#

---------------  T H R E A D  ---------------

Current thread (0x0000000003063800):  JavaThread "Unknown thread" [_thread_in_vm, id=5528, stack(0x0000000002d50000,0x0000000002e50000)]

Stack: [0x0000000002d50000,0x0000000002e50000]
[error occurred during error reporting (printing stack bounds), id 0xc0000005]

Native frames: (J=compiled Java code, j=interpreted, Vv=VM code, C=native code)


---------------  P R O C E S S  ---------------

Java Threads: ( => current thread )

Other Threads:

=>0x0000000003063800 (exited) JavaThread "Unknown thread" [_thread_in_vm, id=5528, stack(0x0000000002d50000,0x0000000002e50000)]

VM state:not at safepoint (normal execution)

VM Mutex/Monitor currently owned by a thread: None

heap address: 0x0000000082200000, size: 2014 MB, Compressed Oops mode: 32-bit
Narrow klass base: 0x0000000000000000, Narrow klass shift: 3
Compressed class space size: 1073741824 Address: 0x0000000100000000

Heap:
 PSYoungGen      total 37888K, used 655K [0x00000000d6100000, 0x00000000d8b00000, 0x0000000100000000)
  eden space 32768K, 2% used [0x00000000d6100000,0x00000000d61a3d80,0x00000000d8100000)
  from space 5120K, 0% used [0x00000000d8600000,0x00000000d8600000,0x00000000d8b00000)
  to   space 5120K, 0% used [0x00000000d8100000,0x00000000d8100000,0x00000000d8600000)
 ParOldGen       total 86016K, used 0K [0x0000000082200000, 0x0000000087600000, 0x00000000d6100000)
  object space 86016K, 0% used [0x0000000082200000,0x0000000082200000,0x0000000087600000)
 Metaspace       used 787K, capacity 4480K, committed 4480K, reserved 1056768K
  class space    used 76K, capacity 384K, committed 384K, reserved 1048576K

Card table byte_map: [0x0000000012520000,0x0000000012910000] byte_map_base: 0x000000001210f000

Marking Bits: (ParMarkBitMap*) 0x000000006cfc5ce0
 Begin Bits: [0x0000000012fb0000, 0x0000000014f28000)
 End Bits:   [0x0000000014f28000, 0x0000000016ea0000)

Polling page: 0x00000000014a0000

CodeCache: size=245760Kb used=328Kb max_used=328Kb free=245431Kb
 bounds [0x0000000003160000, 0x00000000033d0000, 0x0000000012160000]
 total_blobs=58 nmethods=0 adapters=38
 compilation: enabled

Compilation events (0 events):
No events

GC Heap History (0 events):
No events

Deoptimization events (0 events):
No events

Classes redefined (0 events):
No events

Internal exceptions (0 events):
No events

Events (10 events):
Event: 0.022 loading class java/lang/Short
Event: 0.022 loading class java/lang/Short done
Event: 0.022 loading class java/lang/Integer
Event: 0.022 loading class java/lang/Integer done
Event: 0.022 loading class java/lang/Long
Event: 0.022 loading class java/lang/Long done
Event: 0.022 loading class java/lang/NullPointerException
Event: 0.022 loading class java/lang/NullPointerException done
Event: 0.022 loading class java/lang/ArithmeticException
Event: 0.022 loading class java/lang/ArithmeticException done


Dynamic libraries:
0x00007ff66b570000 - 0x00007ff66b5a7000 	C:\Program Files\Java\jdk1.8.0_221\bin\javaw.exe
0x00007ff9b7e60000 - 0x00007ff9b804d000 	C:\Windows\SYSTEM32\ntdll.dll
0x00007ff9b7bd0000 - 0x00007ff9b7c83000 	C:\Windows\System32\KERNEL32.DLL
0x00007ff9b3f70000 - 0x00007ff9b4203000 	C:\Windows\System32\KERNELBASE.dll
0x00007ff9b55b0000 - 0x00007ff9b5653000 	C:\Windows\System32\ADVAPI32.dll
0x00007ff9b5660000 - 0x00007ff9b56fe000 	C:\Windows\System32\msvcrt.dll
0x00007ff9b5910000 - 0x00007ff9b59ae000 	C:\Windows\System32\sechost.dll
0x00007ff9b7980000 - 0x00007ff9b7aa2000 	C:\Windows\System32\RPCRT4.dll
0x00007ff9b5700000 - 0x00007ff9b5897000 	C:\Windows\System32\USER32.dll
0x00007ff9b3ef0000 - 0x00007ff9b3f10000 	C:\Windows\System32\win32u.dll
0x00007ff9b5d90000 - 0x00007ff9b5db9000 	C:\Windows\System32\GDI32.dll
0x00007ff9b4b80000 - 0x00007ff9b4d19000 	C:\Windows\System32\gdi32full.dll
0x00007ff9b4a30000 - 0x00007ff9b4ad0000 	C:\Windows\System32\msvcp_win.dll
0x00007ff9b4d20000 - 0x00007ff9b4e1a000 	C:\Windows\System32\ucrtbase.dll
0x00007ff986ce0000 - 0x00007ff986f59000 	C:\Windows\WinSxS\amd64_microsoft.windows.common-controls_6595b64144ccf1df_6.0.17763.802_none_05b1445c0722d2cc\COMCTL32.dll
0x00007ff9b5280000 - 0x00007ff9b55ac000 	C:\Windows\System32\combase.dll
0x00007ff9b4980000 - 0x00007ff9b49fe000 	C:\Windows\System32\bcryptPrimitives.dll
0x00007ff9b5b90000 - 0x00007ff9b5bbe000 	C:\Windows\System32\IMM32.DLL
0x000000006c490000 - 0x000000006c562000 	C:\Program Files\Java\jdk1.8.0_221\jre\bin\msvcr100.dll
0x000000006c7a0000 - 0x000000006d045000 	C:\Program Files\Java\jdk1.8.0_221\jre\bin\server\jvm.dll
0x00007ff9b58a0000 - 0x00007ff9b58a8000 	C:\Windows\System32\PSAPI.DLL
0x00007ff99def0000 - 0x00007ff99def9000 	C:\Windows\SYSTEM32\WSOCK32.dll
0x00007ff9b5bc0000 - 0x00007ff9b5c2d000 	C:\Windows\System32\WS2_32.dll
0x00007ff9b1c50000 - 0x00007ff9b1c74000 	C:\Windows\SYSTEM32\WINMM.dll
0x00007ff9af230000 - 0x00007ff9af23a000 	C:\Windows\SYSTEM32\VERSION.dll
0x00007ff9b1bf0000 - 0x00007ff9b1c1d000 	C:\Windows\SYSTEM32\WINMMBASE.dll
0x00007ff9b5000000 - 0x00007ff9b504a000 	C:\Windows\System32\cfgmgr32.dll
0x00007ff986880000 - 0x00007ff98688f000 	C:\Program Files\Java\jdk1.8.0_221\jre\bin\verify.dll
0x00007ff96e620000 - 0x00007ff96e649000 	C:\Program Files\Java\jdk1.8.0_221\jre\bin\java.dll
0x00007ff978600000 - 0x00007ff978635000 	C:\Program Files\Java\jdk1.8.0_221\jre\bin\jdwp.dll
0x00007ff99e2e0000 - 0x00007ff99e2e8000 	C:\Program Files\Java\jdk1.8.0_221\jre\bin\npt.dll
0x00007ff978550000 - 0x00007ff978573000 	C:\Program Files\Java\jdk1.8.0_221\jre\bin\instrument.dll
0x00007ff985b20000 - 0x00007ff985b36000 	C:\Program Files\Java\jdk1.8.0_221\jre\bin\zip.dll

VM Arguments:
jvm_args: -agentlib:jdwp=transport=dt_socket,suspend=y,address=localhost:2840 -javaagent:C:\Users\nkngoc\eclipse\jee-2020-03\eclipse\configuration\org.eclipse.osgi\411\0\.cp\lib\javaagent-shaded.jar -Dfile.encoding=UTF-8 
java_command: logreport.logreportthang6
java_class_path (initial): D:\Javaproject\logreport\bin;C:\Users\nkngoc\Downloads\json-20200518.jar;C:\Users\nkngoc\Downloads\GSON-6.0.6.jar;C:\Users\nkngoc\eclipse\jee-2020-03\eclipse\configuration\org.eclipse.osgi\411\0\.cp\lib\javaagent-shaded.jar
Launcher Type: SUN_STANDARD

Environment Variables:
PATH=C:\Program Files\Java\jdk1.8.0_221\jre\bin;C:/Program Files/Java/jdk1.8.0_221/jre/bin/server;C:/Program Files/Java/jdk1.8.0_221/jre/bin;C:/Program Files/Java/jdk1.8.0_221/jre/lib/amd64;C:\Program Files (x86)\Common Files\Oracle\Java\javapath;C:\Program Files\Microsoft MPI\Bin\;C:\Windows\system32;C:\Windows;C:\Windows\System32\Wbem;C:\Windows\System32\WindowsPowerShell\v1.0\;C:\Windows\System32\OpenSSH\;C:\Program Files\Microsoft SQL Server\Client SDK\ODBC\110\Tools\Binn\;C:\Program Files (x86)\Microsoft SQL Server\120\Tools\Binn\;C:\Program Files\Microsoft SQL Server\120\Tools\Binn\;C:\Program Files\Microsoft SQL Server\120\DTS\Binn\;C:\Program Files\Microsoft SQL Server\130\Tools\Binn\;C:\Program Files\dotnet\;C:\Program Files\Microsoft SQL Server\Client SDK\ODBC\130\Tools\Binn\;C:\Program Files (x86)\Microsoft SQL Server\140\Tools\Binn\;C:\Program Files\Microsoft SQL Server\140\Tools\Binn\;C:\Program Files\Microsoft SQL Server\140\DTS\Binn\;C:\Program Files (x86)\Microsoft SQL Server\140\DTS\Binn\;C:\Windows\system32\config\systemprofile\.dnx\bin;C:\Program Files\Microsoft DNX\Dnvm\;C:\Program Files\Microsoft SQL Server\Client SDK\ODBC\170\Tools\Binn\;;C:\Program Files\Docker\Docker\resources\bin;C:\ProgramData\DockerDesktop\version-bin;C:\Users\nkngoc\AppData\Local\Microsoft\WindowsApps;C:\Users\nkngoc\.dotnet\tools;C:\Users\nkngoc\AppData\Local\Programs\Microsoft VS Code\bin;C:\Windows\System32;
USERNAME=nkngoc
OS=Windows_NT
PROCESSOR_IDENTIFIER=Intel64 Family 6 Model 158 Stepping 11, GenuineIntel



---------------  S Y S T E M  ---------------

OS: Windows 10.0 , 64 bit Build 17763 (10.0.17763.475)

CPU:total 4 (initial active 4) (4 cores per cpu, 1 threads per core) family 6 model 158 stepping 11, cmov, cx8, fxsr, mmx, sse, sse2, sse3, ssse3, sse4.1, sse4.2, popcnt, avx, avx2, aes, clmul, erms, 3dnowpref, lzcnt, tsc, tscinvbit, bmi1, bmi2, adx

Memory: 4k page, physical 8248492k(744672k free), swap 15084108k(7072k free)

vm_info: Java HotSpot(TM) 64-Bit Server VM (25.221-b11) for windows-amd64 JRE (1.8.0_221-b11), built on Jul  4 2019 04:39:29 by "java_re" with MS VC++ 10.0 (VS2010)

time: Wed Oct 07 18:27:29 2020
timezone: SE Asia Standard Time
elapsed time: 0 seconds (0d 0h 0m 0s)

