#
# There is insufficient memory for the Java Runtime Environment to continue.
# Native memory allocation (malloc) failed to allocate 1197616 bytes for Chunk::new
# Possible reasons:
#   The system is out of physical RAM or swap space
#   The process is running with CompressedOops enabled, and the Java Heap may be blocking the growth of the native heap
# Possible solutions:
#   Reduce memory load on the system
#   Increase physical memory or swap space
#   Check if swap backing store is full
#   Decrease Java heap size (-Xmx/-Xms)
#   Decrease number of Java threads
#   Decrease Java thread stack sizes (-Xss)
#   Set larger code cache with -XX:ReservedCodeCacheSize=
#   JVM is running with Unscaled Compressed Oops mode in which the Java heap is
#     placed in the first 4GB address space. The Java Heap base address is the
#     maximum limit for the native heap growth. Please use -XX:HeapBaseMinAddress
#     to set the Java Heap base and to place the Java Heap above 4GB virtual address.
# This output file may be truncated or incomplete.
#
#  Out of Memory Error (allocation.cpp:389), pid=8316, tid=0x0000000000002e5c
#
# JRE version: Java(TM) SE Runtime Environment (8.0_221-b11) (build 1.8.0_221-b11)
# Java VM: Java HotSpot(TM) 64-Bit Server VM (25.221-b11 mixed mode windows-amd64 compressed oops)
# Failed to write core dump. Minidumps are not enabled by default on client versions of Windows
#

---------------  T H R E A D  ---------------

Current thread (0x0000000019aeb800):  JavaThread "C2 CompilerThread0" daemon [_thread_in_native, id=11868, stack(0x0000000019e50000,0x0000000019f50000)]

Stack: [0x0000000019e50000,0x0000000019f50000]
[error occurred during error reporting (printing stack bounds), id 0xc0000005]

Native frames: (J=compiled Java code, j=interpreted, Vv=VM code, C=native code)


Current CompileTask:
C2:  60775  263 % !   4       logreport.logreportthang6::main @ 231 (403 bytes)


---------------  P R O C E S S  ---------------

Java Threads: ( => current thread )
  0x0000000019b59000 JavaThread "Service Thread" daemon [_thread_blocked, id=10424, stack(0x000000001a150000,0x000000001a250000)]
  0x0000000019b54800 JavaThread "C1 CompilerThread2" daemon [_thread_blocked, id=11644, stack(0x000000001a050000,0x000000001a150000)]
  0x0000000019b43800 JavaThread "C2 CompilerThread1" daemon [_thread_blocked, id=19280, stack(0x0000000019f50000,0x000000001a050000)]
=>0x0000000019aeb800 JavaThread "C2 CompilerThread0" daemon [_thread_in_native, id=11868, stack(0x0000000019e50000,0x0000000019f50000)]
  0x0000000017de2800 JavaThread "JDWP Command Reader" daemon [_thread_in_native, id=4288, stack(0x0000000019950000,0x0000000019a50000)]
  0x0000000017ddf800 JavaThread "JDWP Event Helper Thread" daemon [_thread_blocked, id=10808, stack(0x0000000019850000,0x0000000019950000)]
  0x0000000017dd3000 JavaThread "JDWP Transport Listener: dt_socket" daemon [_thread_blocked, id=11176, stack(0x0000000019750000,0x0000000019850000)]
  0x0000000017dca000 JavaThread "Attach Listener" daemon [_thread_blocked, id=8892, stack(0x0000000019310000,0x0000000019410000)]
  0x0000000017dc6000 JavaThread "Signal Dispatcher" daemon [_thread_blocked, id=14776, stack(0x0000000019210000,0x0000000019310000)]
  0x00000000032ed000 JavaThread "Finalizer" daemon [_thread_blocked, id=16144, stack(0x0000000019010000,0x0000000019110000)]
  0x0000000017daa800 JavaThread "Reference Handler" daemon [_thread_blocked, id=11328, stack(0x0000000018f10000,0x0000000019010000)]
  0x00000000031f3800 JavaThread "main" [_thread_in_Java, id=6092, stack(0x0000000002fb0000,0x00000000030b0000)]

Other Threads:
  0x0000000017d88000 VMThread [stack: 0x0000000018e10000,0x0000000018f10000] [id=15152]
  0x0000000019bd0800 WatcherThread [stack: 0x000000001a250000,0x000000001a350000] [id=10600]

VM state:not at safepoint (normal execution)

VM Mutex/Monitor currently owned by a thread: None

heap address: 0x0000000082200000, size: 2014 MB, Compressed Oops mode: 32-bit
Narrow klass base: 0x0000000000000000, Narrow klass shift: 3
Compressed class space size: 1073741824 Address: 0x0000000100000000

Heap:
 PSYoungGen      total 172544K, used 54881K [0x00000000d6100000, 0x00000000e0c80000, 0x0000000100000000)
  eden space 169984K, 31% used [0x00000000d6100000,0x00000000d95dcc80,0x00000000e0700000)
  from space 2560K, 29% used [0x00000000e0700000,0x00000000e07bb830,0x00000000e0980000)
  to   space 2048K, 0% used [0x00000000e0980000,0x00000000e0980000,0x00000000e0b80000)
 ParOldGen       total 86016K, used 2900K [0x0000000082200000, 0x0000000087600000, 0x00000000d6100000)
  object space 86016K, 3% used [0x0000000082200000,0x00000000824d52e8,0x0000000087600000)
 Metaspace       used 5514K, capacity 5574K, committed 5760K, reserved 1056768K
  class space    used 585K, capacity 625K, committed 640K, reserved 1048576K

Card table byte_map: [0x00000000126b0000,0x0000000012aa0000] byte_map_base: 0x000000001229f000

Marking Bits: (ParMarkBitMap*) 0x000000006cfc5ce0
 Begin Bits: [0x0000000013140000, 0x00000000150b8000)
 End Bits:   [0x00000000150b8000, 0x0000000017030000)

Polling page: 0x0000000002e30000

CodeCache: size=245760Kb used=2266Kb max_used=2266Kb free=243493Kb
 bounds [0x00000000032f0000, 0x0000000003560000, 0x00000000122f0000]
 total_blobs=557 nmethods=264 adapters=214
 compilation: enabled

Compilation events (10 events):
Event: 60.360 Thread 0x0000000019b54800 nmethod 260 0x000000000351a2d0 code [0x000000000351ab00, 0x0000000003520ab8]
Event: 60.450 Thread 0x0000000019b54800  261       3       sun.nio.cs.StreamEncoder::implFlushBuffer (15 bytes)
Event: 60.450 Thread 0x0000000019b54800 nmethod 261 0x0000000003526050 code [0x00000000035261c0, 0x0000000003526428]
Event: 60.450 Thread 0x0000000019b54800  262   !   3       sun.nio.cs.StreamEncoder::flushBuffer (42 bytes)
Event: 60.451 Thread 0x0000000019b54800 nmethod 262 0x0000000003526510 code [0x00000000035266c0, 0x0000000003526c78]
Event: 60.690 Thread 0x0000000019aeb800  263 % !   4       logreport.logreportthang6::main @ 231 (403 bytes)
Event: 60.707 Thread 0x0000000019b54800  264       3       java.io.BufferedWriter::newLine (9 bytes)
Event: 60.708 Thread 0x0000000019b54800 nmethod 264 0x0000000003526f50 code [0x00000000035270c0, 0x0000000003527448]
Event: 60.741 Thread 0x0000000019b54800  265       3       sun.nio.cs.UTF_8$Encoder::overflow (11 bytes)
Event: 60.741 Thread 0x0000000019b54800 nmethod 265 0x00000000035275d0 code [0x0000000003527780, 0x0000000003527c98]

GC Heap History (10 events):
Event: 60.529 GC heap before
{Heap before GC invocations=37 (full 0):
 PSYoungGen      total 172032K, used 170206K [0x00000000d6100000, 0x00000000e0c80000, 0x0000000100000000)
  eden space 169984K, 100% used [0x00000000d6100000,0x00000000e0700000,0x00000000e0700000)
  from space 2048K, 10% used [0x00000000e0980000,0x00000000e09b7a70,0x00000000e0b80000)
  to   space 2560K, 0% used [0x00000000e0700000,0x00000000e0700000,0x00000000e0980000)
 ParOldGen       total 86016K, used 2860K [0x0000000082200000, 0x0000000087600000, 0x00000000d6100000)
  object space 86016K, 3% used [0x0000000082200000,0x00000000824cb2e8,0x0000000087600000)
 Metaspace       used 5513K, capacity 5574K, committed 5760K, reserved 1056768K
  class space    used 585K, capacity 625K, committed 640K, reserved 1048576K
Event: 60.529 GC heap after
Heap after GC invocations=37 (full 0):
 PSYoungGen      total 172544K, used 96K [0x00000000d6100000, 0x00000000e0c80000, 0x0000000100000000)
  eden space 169984K, 0% used [0x00000000d6100000,0x00000000d6100000,0x00000000e0700000)
  from space 2560K, 3% used [0x00000000e0700000,0x00000000e0718000,0x00000000e0980000)
  to   space 2048K, 0% used [0x00000000e0980000,0x00000000e0980000,0x00000000e0b80000)
 ParOldGen       total 86016K, used 2868K [0x0000000082200000, 0x0000000087600000, 0x00000000d6100000)
  object space 86016K, 3% used [0x0000000082200000,0x00000000824cd2e8,0x0000000087600000)
 Metaspace       used 5513K, capacity 5574K, committed 5760K, reserved 1056768K
  class space    used 585K, capacity 625K, committed 640K, reserved 1048576K
}
Event: 60.571 GC heap before
{Heap before GC invocations=38 (full 0):
 PSYoungGen      total 172544K, used 169921K [0x00000000d6100000, 0x00000000e0c80000, 0x0000000100000000)
  eden space 169984K, 99% used [0x00000000d6100000,0x00000000e06d8530,0x00000000e0700000)
  from space 2560K, 3% used [0x00000000e0700000,0x00000000e0718000,0x00000000e0980000)
  to   space 2048K, 0% used [0x00000000e0980000,0x00000000e0980000,0x00000000e0b80000)
 ParOldGen       total 86016K, used 2868K [0x0000000082200000, 0x0000000087600000, 0x00000000d6100000)
  object space 86016K, 3% used [0x0000000082200000,0x00000000824cd2e8,0x0000000087600000)
 Metaspace       used 5513K, capacity 5574K, committed 5760K, reserved 1056768K
  class space    used 585K, capacity 625K, committed 640K, reserved 1048576K
Event: 60.572 GC heap after
Heap after GC invocations=38 (full 0):
 PSYoungGen      total 172032K, used 344K [0x00000000d6100000, 0x00000000e0c80000, 0x0000000100000000)
  eden space 169984K, 0% used [0x00000000d6100000,0x00000000d6100000,0x00000000e0700000)
  from space 2048K, 16% used [0x00000000e0980000,0x00000000e09d63d0,0x00000000e0b80000)
  to   space 2560K, 0% used [0x00000000e0700000,0x00000000e0700000,0x00000000e0980000)
 ParOldGen       total 86016K, used 2876K [0x0000000082200000, 0x0000000087600000, 0x00000000d6100000)
  object space 86016K, 3% used [0x0000000082200000,0x00000000824cf2e8,0x0000000087600000)
 Metaspace       used 5513K, capacity 5574K, committed 5760K, reserved 1056768K
  class space    used 585K, capacity 625K, committed 640K, reserved 1048576K
}
Event: 60.638 GC heap before
{Heap before GC invocations=39 (full 0):
 PSYoungGen      total 172032K, used 170328K [0x00000000d6100000, 0x00000000e0c80000, 0x0000000100000000)
  eden space 169984K, 100% used [0x00000000d6100000,0x00000000e0700000,0x00000000e0700000)
  from space 2048K, 16% used [0x00000000e0980000,0x00000000e09d63d0,0x00000000e0b80000)
  to   space 2560K, 0% used [0x00000000e0700000,0x00000000e0700000,0x00000000e0980000)
 ParOldGen       total 86016K, used 2876K [0x0000000082200000, 0x0000000087600000, 0x00000000d6100000)
  object space 86016K, 3% used [0x0000000082200000,0x00000000824cf2e8,0x0000000087600000)
 Metaspace       used 5513K, capacity 5574K, committed 5760K, reserved 1056768K
  class space    used 585K, capacity 625K, committed 640K, reserved 1048576K
Event: 60.639 GC heap after
Heap after GC invocations=39 (full 0):
 PSYoungGen      total 172544K, used 741K [0x00000000d6100000, 0x00000000e0c80000, 0x0000000100000000)
  eden space 169984K, 0% used [0x00000000d6100000,0x00000000d6100000,0x00000000e0700000)
  from space 2560K, 28% used [0x00000000e0700000,0x00000000e07b9748,0x00000000e0980000)
  to   space 2048K, 0% used [0x00000000e0980000,0x00000000e0980000,0x00000000e0b80000)
 ParOldGen       total 86016K, used 2884K [0x0000000082200000, 0x0000000087600000, 0x00000000d6100000)
  object space 86016K, 3% used [0x0000000082200000,0x00000000824d12e8,0x0000000087600000)
 Metaspace       used 5513K, capacity 5574K, committed 5760K, reserved 1056768K
  class space    used 585K, capacity 625K, committed 640K, reserved 1048576K
}
Event: 60.684 GC heap before
{Heap before GC invocations=40 (full 0):
 PSYoungGen      total 172544K, used 170725K [0x00000000d6100000, 0x00000000e0c80000, 0x0000000100000000)
  eden space 169984K, 100% used [0x00000000d6100000,0x00000000e0700000,0x00000000e0700000)
  from space 2560K, 28% used [0x00000000e0700000,0x00000000e07b9748,0x00000000e0980000)
  to   space 2048K, 0% used [0x00000000e0980000,0x00000000e0980000,0x00000000e0b80000)
 ParOldGen       total 86016K, used 2884K [0x0000000082200000, 0x0000000087600000, 0x00000000d6100000)
  object space 86016K, 3% used [0x0000000082200000,0x00000000824d12e8,0x0000000087600000)
 Metaspace       used 5513K, capacity 5574K, committed 5760K, reserved 1056768K
  class space    used 585K, capacity 625K, committed 640K, reserved 1048576K
Event: 60.684 GC heap after
Heap after GC invocations=40 (full 0):
 PSYoungGen      total 172032K, used 270K [0x00000000d6100000, 0x00000000e0c80000, 0x0000000100000000)
  eden space 169984K, 0% used [0x00000000d6100000,0x00000000d6100000,0x00000000e0700000)
  from space 2048K, 13% used [0x00000000e0980000,0x00000000e09c3900,0x00000000e0b80000)
  to   space 2560K, 0% used [0x00000000e0700000,0x00000000e0700000,0x00000000e0980000)
 ParOldGen       total 86016K, used 2892K [0x0000000082200000, 0x0000000087600000, 0x00000000d6100000)
  object space 86016K, 3% used [0x0000000082200000,0x00000000824d32e8,0x0000000087600000)
 Metaspace       used 5513K, capacity 5574K, committed 5760K, reserved 1056768K
  class space    used 585K, capacity 625K, committed 640K, reserved 1048576K
}
Event: 60.732 GC heap before
{Heap before GC invocations=41 (full 0):
 PSYoungGen      total 172032K, used 170220K [0x00000000d6100000, 0x00000000e0c80000, 0x0000000100000000)
  eden space 169984K, 99% used [0x00000000d6100000,0x00000000e06f78c8,0x00000000e0700000)
  from space 2048K, 13% used [0x00000000e0980000,0x00000000e09c3900,0x00000000e0b80000)
  to   space 2560K, 0% used [0x00000000e0700000,0x00000000e0700000,0x00000000e0980000)
 ParOldGen       total 86016K, used 2892K [0x0000000082200000, 0x0000000087600000, 0x00000000d6100000)
  object space 86016K, 3% used [0x0000000082200000,0x00000000824d32e8,0x0000000087600000)
 Metaspace       used 5514K, capacity 5574K, committed 5760K, reserved 1056768K
  class space    used 585K, capacity 625K, committed 640K, reserved 1048576K
Event: 60.734 GC heap after
Heap after GC invocations=41 (full 0):
 PSYoungGen      total 172544K, used 750K [0x00000000d6100000, 0x00000000e0c80000, 0x0000000100000000)
  eden space 169984K, 0% used [0x00000000d6100000,0x00000000d6100000,0x00000000e0700000)
  from space 2560K, 29% used [0x00000000e0700000,0x00000000e07bb830,0x00000000e0980000)
  to   space 2048K, 0% used [0x00000000e0980000,0x00000000e0980000,0x00000000e0b80000)
 ParOldGen       total 86016K, used 2900K [0x0000000082200000, 0x0000000087600000, 0x00000000d6100000)
  object space 86016K, 3% used [0x0000000082200000,0x00000000824d52e8,0x0000000087600000)
 Metaspace       used 5514K, capacity 5574K, committed 5760K, reserved 1056768K
  class space    used 585K, capacity 625K, committed 640K, reserved 1048576K
}

Deoptimization events (5 events):
Event: 59.307 Thread 0x00000000031f3800 Uncommon trap: reason=unstable_if action=reinterpret pc=0x000000000349115c method=sun.nio.cs.UTF_8$Decoder.decodeArrayLoop(Ljava/nio/ByteBuffer;Ljava/nio/CharBuffer;)Ljava/nio/charset/CoderResult; @ 184
Event: 59.316 Thread 0x00000000031f3800 Uncommon trap: reason=unstable_if action=reinterpret pc=0x00000000034a7364 method=sun.nio.cs.UTF_8$Encoder.encodeArrayLoop(Ljava/nio/CharBuffer;Ljava/nio/ByteBuffer;)Ljava/nio/charset/CoderResult; @ 400
Event: 59.320 Thread 0x00000000031f3800 Uncommon trap: reason=unstable_if action=reinterpret pc=0x000000000349d0d4 method=sun.nio.cs.UTF_8$Encoder.encodeArrayLoop(Ljava/nio/CharBuffer;Ljava/nio/ByteBuffer;)Ljava/nio/charset/CoderResult; @ 175
Event: 59.420 Thread 0x00000000031f3800 Uncommon trap: reason=unstable_if action=reinterpret pc=0x00000000034c1420 method=sun.nio.cs.UTF_8$Decoder.decodeArrayLoop(Ljava/nio/ByteBuffer;Ljava/nio/CharBuffer;)Ljava/nio/charset/CoderResult; @ 280
Event: 59.425 Thread 0x00000000031f3800 Uncommon trap: reason=unstable_if action=reinterpret pc=0x000000000348fa84 method=sun.nio.cs.UTF_8$Decoder.decodeArrayLoop(Ljava/nio/ByteBuffer;Ljava/nio/CharBuffer;)Ljava/nio/charset/CoderResult; @ 280

Classes redefined (0 events):
No events

Internal exceptions (6 events):
Event: 0.028 Thread 0x00000000031f3800 Exception <a 'java/lang/NoSuchMethodError': Method sun.misc.Unsafe.defineClass(Ljava/lang/String;[BII)Ljava/lang/Class; name or signature does not match> (0x00000000d6107cb8) thrown at [C:\re\workspace\8-2-build-windows-amd64-cygwin\jdk8u221\13320\hotspot
Event: 0.028 Thread 0x00000000031f3800 Exception <a 'java/lang/NoSuchMethodError': Method sun.misc.Unsafe.prefetchRead(Ljava/lang/Object;J)V name or signature does not match> (0x00000000d6107fa0) thrown at [C:\re\workspace\8-2-build-windows-amd64-cygwin\jdk8u221\13320\hotspot\src\share\vm\prim
Event: 0.325 Thread 0x00000000031f3800 Exception <a 'java/security/PrivilegedActionException'> (0x00000000d6711398) thrown at [C:\re\workspace\8-2-build-windows-amd64-cygwin\jdk8u221\13320\hotspot\src\share\vm\prims\jvm.cpp, line 1502]
Event: 0.325 Thread 0x00000000031f3800 Exception <a 'java/security/PrivilegedActionException'> (0x00000000d6711790) thrown at [C:\re\workspace\8-2-build-windows-amd64-cygwin\jdk8u221\13320\hotspot\src\share\vm\prims\jvm.cpp, line 1502]
Event: 0.326 Thread 0x00000000031f3800 Exception <a 'java/security/PrivilegedActionException'> (0x00000000d6715888) thrown at [C:\re\workspace\8-2-build-windows-amd64-cygwin\jdk8u221\13320\hotspot\src\share\vm\prims\jvm.cpp, line 1502]
Event: 0.326 Thread 0x00000000031f3800 Exception <a 'java/security/PrivilegedActionException'> (0x00000000d6715c80) thrown at [C:\re\workspace\8-2-build-windows-amd64-cygwin\jdk8u221\13320\hotspot\src\share\vm\prims\jvm.cpp, line 1502]

Events (10 events):
Event: 60.528 Executing VM operation: ParallelGCFailedAllocation
Event: 60.529 Executing VM operation: ParallelGCFailedAllocation done
Event: 60.571 Executing VM operation: ParallelGCFailedAllocation
Event: 60.572 Executing VM operation: ParallelGCFailedAllocation done
Event: 60.638 Executing VM operation: ParallelGCFailedAllocation
Event: 60.639 Executing VM operation: ParallelGCFailedAllocation done
Event: 60.684 Executing VM operation: ParallelGCFailedAllocation
Event: 60.684 Executing VM operation: ParallelGCFailedAllocation done
Event: 60.732 Executing VM operation: ParallelGCFailedAllocation
Event: 60.734 Executing VM operation: ParallelGCFailedAllocation done


Dynamic libraries:
0x00007ff66b570000 - 0x00007ff66b5a7000 	C:\Program Files\Java\jdk1.8.0_221\bin\javaw.exe
0x00007ff9b7e60000 - 0x00007ff9b804d000 	C:\Windows\SYSTEM32\ntdll.dll
0x00007ff9b7bd0000 - 0x00007ff9b7c83000 	C:\Windows\System32\KERNEL32.DLL
0x00007ff9b3f70000 - 0x00007ff9b4203000 	C:\Windows\System32\KERNELBASE.dll
0x00007ff9b55b0000 - 0x00007ff9b5653000 	C:\Windows\System32\ADVAPI32.dll
0x00007ff9b5660000 - 0x00007ff9b56fe000 	C:\Windows\System32\msvcrt.dll
0x00007ff9b5910000 - 0x00007ff9b59ae000 	C:\Windows\System32\sechost.dll
0x00007ff9b7980000 - 0x00007ff9b7aa2000 	C:\Windows\System32\RPCRT4.dll
0x00007ff9b5700000 - 0x00007ff9b5897000 	C:\Windows\System32\USER32.dll
0x00007ff9b3ef0000 - 0x00007ff9b3f10000 	C:\Windows\System32\win32u.dll
0x00007ff9b5d90000 - 0x00007ff9b5db9000 	C:\Windows\System32\GDI32.dll
0x00007ff9b4b80000 - 0x00007ff9b4d19000 	C:\Windows\System32\gdi32full.dll
0x00007ff9b4a30000 - 0x00007ff9b4ad0000 	C:\Windows\System32\msvcp_win.dll
0x00007ff9b4d20000 - 0x00007ff9b4e1a000 	C:\Windows\System32\ucrtbase.dll
0x00007ff986ce0000 - 0x00007ff986f59000 	C:\Windows\WinSxS\amd64_microsoft.windows.common-controls_6595b64144ccf1df_6.0.17763.802_none_05b1445c0722d2cc\COMCTL32.dll
0x00007ff9b5280000 - 0x00007ff9b55ac000 	C:\Windows\System32\combase.dll
0x00007ff9b4980000 - 0x00007ff9b49fe000 	C:\Windows\System32\bcryptPrimitives.dll
0x00007ff9b5b90000 - 0x00007ff9b5bbe000 	C:\Windows\System32\IMM32.DLL
0x000000006c490000 - 0x000000006c562000 	C:\Program Files\Java\jdk1.8.0_221\jre\bin\msvcr100.dll
0x000000006c7a0000 - 0x000000006d045000 	C:\Program Files\Java\jdk1.8.0_221\jre\bin\server\jvm.dll
0x00007ff9b58a0000 - 0x00007ff9b58a8000 	C:\Windows\System32\PSAPI.DLL
0x00007ff99def0000 - 0x00007ff99def9000 	C:\Windows\SYSTEM32\WSOCK32.dll
0x00007ff9b1c50000 - 0x00007ff9b1c74000 	C:\Windows\SYSTEM32\WINMM.dll
0x00007ff9af230000 - 0x00007ff9af23a000 	C:\Windows\SYSTEM32\VERSION.dll
0x00007ff9b5bc0000 - 0x00007ff9b5c2d000 	C:\Windows\System32\WS2_32.dll
0x00007ff9b1bf0000 - 0x00007ff9b1c1d000 	C:\Windows\SYSTEM32\WINMMBASE.dll
0x00007ff9b5000000 - 0x00007ff9b504a000 	C:\Windows\System32\cfgmgr32.dll
0x00007ff986880000 - 0x00007ff98688f000 	C:\Program Files\Java\jdk1.8.0_221\jre\bin\verify.dll
0x00007ff96e620000 - 0x00007ff96e649000 	C:\Program Files\Java\jdk1.8.0_221\jre\bin\java.dll
0x00007ff978600000 - 0x00007ff978635000 	C:\Program Files\Java\jdk1.8.0_221\jre\bin\jdwp.dll
0x00007ff99e2e0000 - 0x00007ff99e2e8000 	C:\Program Files\Java\jdk1.8.0_221\jre\bin\npt.dll
0x00007ff978550000 - 0x00007ff978573000 	C:\Program Files\Java\jdk1.8.0_221\jre\bin\instrument.dll
0x00007ff985b20000 - 0x00007ff985b36000 	C:\Program Files\Java\jdk1.8.0_221\jre\bin\zip.dll
0x00007ff9b5f70000 - 0x00007ff9b7464000 	C:\Windows\System32\SHELL32.dll
0x00007ff9b5ae0000 - 0x00007ff9b5b88000 	C:\Windows\System32\shcore.dll
0x00007ff9b4230000 - 0x00007ff9b497d000 	C:\Windows\System32\windows.storage.dll
0x00007ff9b3ec0000 - 0x00007ff9b3ee4000 	C:\Windows\System32\profapi.dll
0x00007ff9b3e20000 - 0x00007ff9b3e7d000 	C:\Windows\System32\powrprof.dll
0x00007ff9b7470000 - 0x00007ff9b74c2000 	C:\Windows\System32\shlwapi.dll
0x00007ff9b3ea0000 - 0x00007ff9b3eb1000 	C:\Windows\System32\kernel.appcore.dll
0x00007ff9b4210000 - 0x00007ff9b4227000 	C:\Windows\System32\cryptsp.dll
0x00007ff99d6d0000 - 0x00007ff99d6d9000 	C:\Program Files\Java\jdk1.8.0_221\jre\bin\dt_socket.dll
0x00007ff9a9760000 - 0x00007ff9a9776000 	C:\Windows\system32\napinsp.dll
0x00007ff9a9780000 - 0x00007ff9a979a000 	C:\Windows\system32\pnrpnsp.dll
0x00007ff9b35e0000 - 0x00007ff9b3647000 	C:\Windows\System32\mswsock.dll
0x00007ff9b3350000 - 0x00007ff9b3416000 	C:\Windows\SYSTEM32\DNSAPI.dll
0x00007ff9b7b60000 - 0x00007ff9b7b68000 	C:\Windows\System32\NSI.dll
0x00007ff9b3310000 - 0x00007ff9b334d000 	C:\Windows\SYSTEM32\IPHLPAPI.DLL
0x00007ff9a8400000 - 0x00007ff9a840e000 	C:\Windows\System32\winrnr.dll
0x00007ff9b0f70000 - 0x00007ff9b0f8b000 	C:\Windows\system32\NLAapi.dll
0x00007ff9a9870000 - 0x00007ff9a9885000 	C:\Windows\system32\wshbth.dll
0x00007ff9aff00000 - 0x00007ff9aff79000 	C:\Windows\System32\fwpuclnt.dll
0x00007ff9b4a00000 - 0x00007ff9b4a26000 	C:\Windows\System32\bcrypt.dll
0x00007ff9aa380000 - 0x00007ff9aa38a000 	C:\Windows\System32\rasadhlp.dll

VM Arguments:
jvm_args: -agentlib:jdwp=transport=dt_socket,suspend=y,address=localhost:2880 -javaagent:C:\Users\nkngoc\eclipse\jee-2020-03\eclipse\configuration\org.eclipse.osgi\411\0\.cp\lib\javaagent-shaded.jar -Dfile.encoding=UTF-8 
java_command: logreport.logreportthang6
java_class_path (initial): D:\Javaproject\logreport\bin;C:\Users\nkngoc\Downloads\json-20200518.jar;C:\Users\nkngoc\Downloads\GSON-6.0.6.jar;C:\Users\nkngoc\eclipse\jee-2020-03\eclipse\configuration\org.eclipse.osgi\411\0\.cp\lib\javaagent-shaded.jar
Launcher Type: SUN_STANDARD

Environment Variables:
PATH=C:\Program Files\Java\jdk1.8.0_221\jre\bin;C:/Program Files/Java/jdk1.8.0_221/jre/bin/server;C:/Program Files/Java/jdk1.8.0_221/jre/bin;C:/Program Files/Java/jdk1.8.0_221/jre/lib/amd64;C:\Program Files (x86)\Common Files\Oracle\Java\javapath;C:\Program Files\Microsoft MPI\Bin\;C:\Windows\system32;C:\Windows;C:\Windows\System32\Wbem;C:\Windows\System32\WindowsPowerShell\v1.0\;C:\Windows\System32\OpenSSH\;C:\Program Files\Microsoft SQL Server\Client SDK\ODBC\110\Tools\Binn\;C:\Program Files (x86)\Microsoft SQL Server\120\Tools\Binn\;C:\Program Files\Microsoft SQL Server\120\Tools\Binn\;C:\Program Files\Microsoft SQL Server\120\DTS\Binn\;C:\Program Files\Microsoft SQL Server\130\Tools\Binn\;C:\Program Files\dotnet\;C:\Program Files\Microsoft SQL Server\Client SDK\ODBC\130\Tools\Binn\;C:\Program Files (x86)\Microsoft SQL Server\140\Tools\Binn\;C:\Program Files\Microsoft SQL Server\140\Tools\Binn\;C:\Program Files\Microsoft SQL Server\140\DTS\Binn\;C:\Program Files (x86)\Microsoft SQL Server\140\DTS\Binn\;C:\Windows\system32\config\systemprofile\.dnx\bin;C:\Program Files\Microsoft DNX\Dnvm\;C:\Program Files\Microsoft SQL Server\Client SDK\ODBC\170\Tools\Binn\;;C:\Program Files\Docker\Docker\resources\bin;C:\ProgramData\DockerDesktop\version-bin;C:\Users\nkngoc\AppData\Local\Microsoft\WindowsApps;C:\Users\nkngoc\.dotnet\tools;C:\Users\nkngoc\AppData\Local\Programs\Microsoft VS Code\bin;C:\Windows\System32;
USERNAME=nkngoc
OS=Windows_NT
PROCESSOR_IDENTIFIER=Intel64 Family 6 Model 158 Stepping 11, GenuineIntel



---------------  S Y S T E M  ---------------

OS: Windows 10.0 , 64 bit Build 17763 (10.0.17763.475)

CPU:total 4 (initial active 4) (4 cores per cpu, 1 threads per core) family 6 model 158 stepping 11, cmov, cx8, fxsr, mmx, sse, sse2, sse3, ssse3, sse4.1, sse4.2, popcnt, avx, avx2, aes, clmul, erms, 3dnowpref, lzcnt, tsc, tscinvbit, bmi1, bmi2, adx

Memory: 4k page, physical 8248492k(770152k free), swap 15084108k(4892k free)

vm_info: Java HotSpot(TM) 64-Bit Server VM (25.221-b11) for windows-amd64 JRE (1.8.0_221-b11), built on Jul  4 2019 04:39:29 by "java_re" with MS VC++ 10.0 (VS2010)

time: Wed Oct 07 18:31:23 2020
timezone: SE Asia Standard Time
elapsed time: 60 seconds (0d 0h 1m 0s)

